2019-11-06 02:29:56.056 com.yangchuanosaurus.eventapp.views.EventListActivity - onCreate(Bundle)
2019-11-06 02:29:56.056 com.yangchuanosaurus.eventapp.views.EventListActivity - EventListContract.Presenter#loadEventList()
2019-11-06 02:29:56.056 com.yangchuanosaurus.eventapp.presenters.EventListPresenter - loadEventList()
2019-11-06 02:29:56.056 repository.app.EventRepositoryImpl - downloadEventList(Callback<List<Event>>)
2019-11-06 02:29:56.056 repository.app.EventRepositoryImpl - HyenaResults.Listener#onResults(List<Event>)
2019-11-06 02:29:56.056 repository.app.EventRepositoryImpl - persistentEventList(List<Event>, Callback<List<Event>>)
2019-11-06 02:29:56.056 com.yangchuanosaurus.eventapp.presenters.EventListPresenter - onCallback(List<Event>)
2019-11-06 02:29:56.056 com.yangchuanosaurus.eventapp.views.EventListActivity - renderEventList(List<Event>)
2019-11-06 02:31:30.030 com.yangchuanosaurus.eventapp.views.EventListActivity - onCreate(Bundle)
2019-11-06 02:31:30.030 com.yangchuanosaurus.eventapp.views.EventListActivity - EventListContract.Presenter#loadEventList()
2019-11-06 02:31:30.030 com.yangchuanosaurus.eventapp.presenters.EventListPresenter - loadEventList()
2019-11-06 02:31:30.030 repository.app.EventRepositoryImpl - downloadEventList(Callback<List<Event>>)
2019-11-06 02:31:30.030 repository.app.EventRepositoryImpl - HyenaResults.Listener#onResults(List<Event>)
2019-11-06 02:31:30.030 repository.app.EventRepositoryImpl - persistentEventList(List<Event>, Callback<List<Event>>)
2019-11-06 02:31:30.030 com.yangchuanosaurus.eventapp.presenters.EventListPresenter - onCallback(List<Event>)
2019-11-06 02:31:30.030 com.yangchuanosaurus.eventapp.views.EventListActivity - renderEventList(List<Event>)
2019-11-06 02:31:36.036 repository.app.EventRepositoryImpl - cancelGetEventList()
2019-11-06 02:31:36.036 com.yangchuanosaurus.eventapp.presenters.EventListPresenter - onDestroy()
2019-11-06 02:46:24.024 com.yangchuanosaurus.eventapp.views.EventListActivity - onCreate(Bundle)
2019-11-06 02:46:24.024 com.yangchuanosaurus.eventapp.views.EventListActivity - EventListContract.Presenter#loadEventList()
2019-11-06 02:46:24.024 com.yangchuanosaurus.eventapp.presenters.EventListPresenter - loadEventList()
2019-11-06 02:46:24.024 repository.app.EventRepositoryImpl - downloadEventList(Callback<List<Event>>)
2019-11-06 02:46:25.025 repository.app.EventRepositoryImpl - HyenaResults.Listener#onResults(List<Event>)
2019-11-06 02:46:25.025 repository.app.EventRepositoryImpl - persistentEventList(List<Event>, Callback<List<Event>>)
2019-11-06 02:46:25.025 com.yangchuanosaurus.eventapp.presenters.EventListPresenter - onCallback(List<Event>)
2019-11-06 02:46:25.025 com.yangchuanosaurus.eventapp.views.EventListActivity - renderEventList(List<Event>)
2019-11-06 02:53:54.054 com.yangchuanosaurus.eventapp.views.EventListActivity - onCreate(Bundle)
2019-11-06 02:53:54.054 com.yangchuanosaurus.eventapp.views.EventListActivity - EventListContract.Presenter#loadEventList()
2019-11-06 02:53:54.054 com.yangchuanosaurus.eventapp.presenters.EventListPresenter - loadEventList()
2019-11-06 02:53:54.054 repository.app.EventRepositoryImpl - downloadEventList(Callback<List<Event>>)
2019-11-06 02:53:54.054 repository.app.EventRepositoryImpl - HyenaResults.Listener#onResults(List<Event>)
2019-11-06 02:53:54.054 repository.app.EventRepositoryImpl - persistentEventList(List<Event>, Callback<List<Event>>)
2019-11-06 02:53:54.054 com.yangchuanosaurus.eventapp.presenters.EventListPresenter - onCallback(List<Event>)
2019-11-06 02:53:54.054 com.yangchuanosaurus.eventapp.views.EventListActivity - renderEventList(List<Event>)
